<?xml version="1.0" encoding="UTF-8"?>
<testng-results ignored="0" total="1" passed="1" failed="0" skipped="0">
  <reporter-output>
  </reporter-output>
  <suite started-at="2023-08-28T14:37:22 HAE" name="Default suite" finished-at="2023-08-28T14:37:23 HAE" duration-ms="41">
    <groups>
    </groups>
    <test started-at="2023-08-28T14:37:22 HAE" name="Default test" finished-at="2023-08-28T14:37:23 HAE" duration-ms="41">
      <class name="testcases.DemoTest">
        <test-method signature="f()[pri:0, instance:testcases.DemoTest@2e6a8155]" started-at="2023-08-28T14:37:23 HAE" name="f" finished-at="2023-08-28T14:37:23 HAE" duration-ms="5" status="PASS">
          <reporter-output>
          </reporter-output>
        </test-method> <!-- f -->
      </class> <!-- testcases.DemoTest -->
    </test> <!-- Default test -->
  </suite> <!-- Default suite -->
</testng-results>
